2020-04-08 11:02:53                                 
2020-04-08 11:02:53                                 
2020-04-08 11:02:53                                 
2020-04-08 11:02:53                                 
2020-04-08 11:02:53  ********************************
2020-04-08 11:02:53  ********Application start*******
2020-04-08 11:02:53  ********************************
2020-04-08 11:02:53                                 
2020-04-08 11:02:53                                 
2020-04-08 11:02:53                                 
2020-04-08 11:02:53                                 
2020-04-08 11:02:53  PLC £¨IP : 10.115.204.15 , port: 502£©not connect......
2020-04-08 11:03:01  app exit£¬ WM_DESTROY
2020-04-08 11:03:01  application exit code: 0
2020-04-08 11:03:01                                 
2020-04-08 11:03:01                                 
2020-04-08 11:03:01                                 
2020-04-08 11:03:01                                 
2020-04-08 11:03:01  ********************************
2020-04-08 11:03:01  ********Application end*******
2020-04-08 11:03:01  ********************************
2020-04-08 11:03:01                                 
2020-04-08 11:03:01                                 
2020-04-08 11:03:01                                 
2020-04-08 11:03:01                                 
